
<!DOCTYPE html>
<html>
<head>
    <title>Test Execution Report</title>
    <style>
        body { font-family: Arial, sans-serif; margin: 20px; }
        .header { background-color: #f0f0f0; padding: 20px; border-radius: 5px; }
        .summary { background-color: #e8f5e8; padding: 15px; border-radius: 5px; margin: 20px 0; }
        .test-case { border: 1px solid #ddd; margin: 10px 0; border-radius: 5px; }
        .test-case-header { background-color: #f9f9f9; padding: 10px; border-bottom: 1px solid #ddd; }
        .test-step { margin: 5px 10px; padding: 5px; border-left: 3px solid #ddd; }
        .passed { border-left-color: #4CAF50; }
        .failed { border-left-color: #f44336; }
        .running { border-left-color: #2196F3; }
        .not-started { border-left-color: #9E9E9E; }
    </style>
</head>
<body>
    <div class="header">
        <h1>Test Execution Report</h1>
        <p>Generated on: 2025-07-03 09:50:18</p>
    </div>

    <div class="summary">
        <h2>Summary</h2>
        <p><strong>Total Tests:</strong> 14</p>
        <p><strong>Passed:</strong> 8</p>
        <p><strong>Failed:</strong> 6</p>
        <p><strong>Total Steps:</strong> 14</p>
        <p><strong>Passed Steps:</strong> 8</p>
        <p><strong>Failed Steps:</strong> 6</p>
        <p><strong>Duration:</strong> 1378.95 seconds</p>
    </div>

    <div class="test-case">
        <div class="test-case-header">
            <h3>Purchase_Target_Proxies_Backend_Frondend.py</h3>
            <p><strong>Status:</strong> FAILED</p>
            <p><strong>Description:</strong> Execution of Purchase_Target_Proxies_Backend_Frondend.py</p>
            <p><strong>Duration:</strong> 139.43 seconds</p>
        </div>

        <div class="test-step failed">
            <p><strong>Execute Test</strong> - Run Purchase_Target_Proxies_Backend_Frondend.py</p>
            <p>Status: FAILED</p>
            <p>Duration: 139.43 seconds</p>
</div></div>
    <div class="test-case">
        <div class="test-case-header">
            <h3>Purchase_Static_Residential_Backend+Frontend.py</h3>
            <p><strong>Status:</strong> FAILED</p>
            <p><strong>Description:</strong> Execution of Purchase_Static_Residential_Backend+Frontend.py</p>
            <p><strong>Duration:</strong> 49.28 seconds</p>
        </div>

        <div class="test-step failed">
            <p><strong>Execute Test</strong> - Run Purchase_Static_Residential_Backend+Frontend.py</p>
            <p>Status: FAILED</p>
            <p>Duration: 49.28 seconds</p>
</div></div>
    <div class="test-case">
        <div class="test-case-header">
            <h3>Purchase_Unlimited_Residential_Proxies_Backend_Frontend.py</h3>
            <p><strong>Status:</strong> FAILED</p>
            <p><strong>Description:</strong> Execution of Purchase_Unlimited_Residential_Proxies_Backend_Frontend.py</p>
            <p><strong>Duration:</strong> 72.50 seconds</p>
        </div>

        <div class="test-step failed">
            <p><strong>Execute Test</strong> - Run Purchase_Unlimited_Residential_Proxies_Backend_Frontend.py</p>
            <p>Status: FAILED</p>
            <p>Duration: 72.50 seconds</p>
</div></div>
    <div class="test-case">
        <div class="test-case-header">
            <h3>Purchase_Rotating_Datacenter_Backend_Fronded.py</h3>
            <p><strong>Status:</strong> FAILED</p>
            <p><strong>Description:</strong> Execution of Purchase_Rotating_Datacenter_Backend_Fronded.py</p>
            <p><strong>Duration:</strong> 48.82 seconds</p>
        </div>

        <div class="test-step failed">
            <p><strong>Execute Test</strong> - Run Purchase_Rotating_Datacenter_Backend_Fronded.py</p>
            <p>Status: FAILED</p>
            <p>Duration: 48.82 seconds</p>
</div></div>
    <div class="test-case">
        <div class="test-case-header">
            <h3>Purchase_Residential_Proxy_Backend+Frontend.py</h3>
            <p><strong>Status:</strong> FAILED</p>
            <p><strong>Description:</strong> Execution of Purchase_Residential_Proxy_Backend+Frontend.py</p>
            <p><strong>Duration:</strong> 25.96 seconds</p>
        </div>

        <div class="test-step failed">
            <p><strong>Execute Test</strong> - Run Purchase_Residential_Proxy_Backend+Frontend.py</p>
            <p>Status: FAILED</p>
            <p>Duration: 25.96 seconds</p>
</div></div>
    <div class="test-case">
        <div class="test-case-header">
            <h3>Purchase_Mobile_Proxies_Backend_Frontend.py</h3>
            <p><strong>Status:</strong> PASSED</p>
            <p><strong>Description:</strong> Execution of Purchase_Mobile_Proxies_Backend_Frontend.py</p>
            <p><strong>Duration:</strong> 103.43 seconds</p>
        </div>

        <div class="test-step passed">
            <p><strong>Execute Test</strong> - Run Purchase_Mobile_Proxies_Backend_Frontend.py</p>
            <p>Status: PASSED</p>
            <p>Duration: 103.43 seconds</p>
</div></div>
    <div class="test-case">
        <div class="test-case-header">
            <h3>Purchase_Datacenter_Package_Backend_Frontend.py</h3>
            <p><strong>Status:</strong> FAILED</p>
            <p><strong>Description:</strong> Execution of Purchase_Datacenter_Package_Backend_Frontend.py</p>
            <p><strong>Duration:</strong> 106.69 seconds</p>
        </div>

        <div class="test-step failed">
            <p><strong>Execute Test</strong> - Run Purchase_Datacenter_Package_Backend_Frontend.py</p>
            <p>Status: FAILED</p>
            <p>Duration: 106.69 seconds</p>
<p>Error: Traceback (most recent call last):
  File "c:\Users\ahmad\Documents\Automation_selenium\Local\GoProxy\GoProxy\Purchase_Datacenter_Package_Backend_Frontend.py", line 809, in <module>
    print(captured_output)
    ~~~~~^^^^^^^^^^^^^^^^^
  File "C:\Users\ahmad\AppData\Local\Programs\Python\Python313\Lib\encodings\cp1252.py", line 19, in encode
    return codecs.charmap_encode(input,self.errors,encoding_table)[0]
           ~~~~~~~~~~~~~~~~~~~~~^^^^^^^^^^^^^^^^^^^^^^^^^^^^^^^^^^
UnicodeEncodeError: 'charmap' codec can't encode characters in position 2728-2730: character maps to <undefined>
</p></div></div>
    <div class="test-case">
        <div class="test-case-header">
            <h3>Target_proxies_payment_Frontend_Backend.py</h3>
            <p><strong>Status:</strong> PASSED</p>
            <p><strong>Description:</strong> Execution of Target_proxies_payment_Frontend_Backend.py</p>
            <p><strong>Duration:</strong> 154.03 seconds</p>
        </div>

        <div class="test-step passed">
            <p><strong>Execute Test</strong> - Run Target_proxies_payment_Frontend_Backend.py</p>
            <p>Status: PASSED</p>
            <p>Duration: 154.03 seconds</p>
</div></div>
    <div class="test-case">
        <div class="test-case-header">
            <h3>Static_Residential_Proxies_payment_Frontend_Backend.py</h3>
            <p><strong>Status:</strong> PASSED</p>
            <p><strong>Description:</strong> Execution of Static_Residential_Proxies_payment_Frontend_Backend.py</p>
            <p><strong>Duration:</strong> 201.01 seconds</p>
        </div>

        <div class="test-step passed">
            <p><strong>Execute Test</strong> - Run Static_Residential_Proxies_payment_Frontend_Backend.py</p>
            <p>Status: PASSED</p>
            <p>Duration: 201.01 seconds</p>
</div></div>
    <div class="test-case">
        <div class="test-case-header">
            <h3>Datacenter_Proxies_static_payment_Frontend_Backend.py</h3>
            <p><strong>Status:</strong> PASSED</p>
            <p><strong>Description:</strong> Execution of Datacenter_Proxies_static_payment_Frontend_Backend.py</p>
            <p><strong>Duration:</strong> 205.06 seconds</p>
        </div>

        <div class="test-step passed">
            <p><strong>Execute Test</strong> - Run Datacenter_Proxies_static_payment_Frontend_Backend.py</p>
            <p>Status: PASSED</p>
            <p>Duration: 205.06 seconds</p>
</div></div>
    <div class="test-case">
        <div class="test-case-header">
            <h3>Unlimited_Residential_Proxies_payment_Frontend.py</h3>
            <p><strong>Status:</strong> PASSED</p>
            <p><strong>Description:</strong> Execution of Unlimited_Residential_Proxies_payment_Frontend.py</p>
            <p><strong>Duration:</strong> 61.63 seconds</p>
        </div>

        <div class="test-step passed">
            <p><strong>Execute Test</strong> - Run Unlimited_Residential_Proxies_payment_Frontend.py</p>
            <p>Status: PASSED</p>
            <p>Duration: 61.63 seconds</p>
</div></div>
    <div class="test-case">
        <div class="test-case-header">
            <h3>Mobile_Proxies_payment_Frontend.py</h3>
            <p><strong>Status:</strong> PASSED</p>
            <p><strong>Description:</strong> Execution of Mobile_Proxies_payment_Frontend.py</p>
            <p><strong>Duration:</strong> 59.85 seconds</p>
        </div>

        <div class="test-step passed">
            <p><strong>Execute Test</strong> - Run Mobile_Proxies_payment_Frontend.py</p>
            <p>Status: PASSED</p>
            <p>Duration: 59.85 seconds</p>
</div></div>
    <div class="test-case">
        <div class="test-case-header">
            <h3>Datacenter_Proxies_Rotating_payment_Frontend.py</h3>
            <p><strong>Status:</strong> PASSED</p>
            <p><strong>Description:</strong> Execution of Datacenter_Proxies_Rotating_payment_Frontend.py</p>
            <p><strong>Duration:</strong> 60.46 seconds</p>
        </div>

        <div class="test-step passed">
            <p><strong>Execute Test</strong> - Run Datacenter_Proxies_Rotating_payment_Frontend.py</p>
            <p>Status: PASSED</p>
            <p>Duration: 60.46 seconds</p>
</div></div>
    <div class="test-case">
        <div class="test-case-header">
            <h3>Residential_Proxies_payment_Frontend.py</h3>
            <p><strong>Status:</strong> PASSED</p>
            <p><strong>Description:</strong> Execution of Residential_Proxies_payment_Frontend.py</p>
            <p><strong>Duration:</strong> 62.75 seconds</p>
        </div>

        <div class="test-step passed">
            <p><strong>Execute Test</strong> - Run Residential_Proxies_payment_Frontend.py</p>
            <p>Status: PASSED</p>
            <p>Duration: 62.75 seconds</p>
</div></div>
</body>
</html>
