
<!DOCTYPE html>
<html>
<head>
    <title>Test Execution Report</title>
    <style>
        body { font-family: Arial, sans-serif; margin: 20px; }
        .header { background-color: #f0f0f0; padding: 20px; border-radius: 5px; }
        .summary { background-color: #e8f5e8; padding: 15px; border-radius: 5px; margin: 20px 0; }
        .test-case { border: 1px solid #ddd; margin: 10px 0; border-radius: 5px; }
        .test-case-header { background-color: #f9f9f9; padding: 10px; border-bottom: 1px solid #ddd; }
        .test-step { margin: 5px 10px; padding: 5px; border-left: 3px solid #ddd; }
        .passed { border-left-color: #4CAF50; }
        .failed { border-left-color: #f44336; }
        .running { border-left-color: #2196F3; }
        .not-started { border-left-color: #9E9E9E; }
    </style>
</head>
<body>
    <div class="header">
        <h1>Test Execution Report</h1>
        <p>Generated on: 2025-07-01 09:44:18</p>
    </div>

    <div class="summary">
        <h2>Summary</h2>
        <p><strong>Total Tests:</strong> 15</p>
        <p><strong>Passed:</strong> 2</p>
        <p><strong>Failed:</strong> 13</p>
        <p><strong>Total Steps:</strong> 15</p>
        <p><strong>Passed Steps:</strong> 2</p>
        <p><strong>Failed Steps:</strong> 13</p>
        <p><strong>Duration:</strong> 1617.73 seconds</p>
    </div>

    <div class="test-case">
        <div class="test-case-header">
            <h3>Purchase_Target_Proxies_Backend_Frondend.py</h3>
            <p><strong>Status:</strong> FAILED</p>
            <p><strong>Description:</strong> Execution of Purchase_Target_Proxies_Backend_Frondend.py</p>
            <p><strong>Duration:</strong> 140.51 seconds</p>
        </div>

        <div class="test-step failed">
            <p><strong>Execute Test</strong> - Run Purchase_Target_Proxies_Backend_Frondend.py</p>
            <p>Status: FAILED</p>
            <p>Duration: 140.51 seconds</p>
<p>Error: Traceback (most recent call last):
  File "c:\Users\ahmad\Documents\Automation_selenium\Local\GoProxy\GoProxy\Purchase_Target_Proxies_Backend_Frondend.py", line 679, in test_target_proxies_package_purchase
    raise Exception("Failed to setup target proxies package")
Exception: Failed to setup target proxies package

During handling of the above exception, another exception occurred:

Traceback (most recent call last):
  File "c:\Users\ahmad\Documents\Automation_selenium\Local\GoProxy\GoProxy\Purchase_Target_Proxies_Backend_Frondend.py", line 723, in <module>
    result = test_target_proxies_package_purchase(driver, report_dir, test_case)
  File "c:\Users\ahmad\Documents\Automation_selenium\Local\GoProxy\GoProxy\Purchase_Target_Proxies_Backend_Frondend.py", line 706, in test_target_proxies_package_purchase
    print(f"\u2717 Test failed with error: {str(e)}")
    ~~~~~^^^^^^^^^^^^^^^^^^^^^^^^^^^^^^^^^^^^^^^
  File "C:\Users\ahmad\AppData\Local\Programs\Python\Python313\Lib\encodings\cp1252.py", line 19, in encode
    return codecs.charmap_encode(input,self.errors,encoding_table)[0]
           ~~~~~~~~~~~~~~~~~~~~~^^^^^^^^^^^^^^^^^^^^^^^^^^^^^^^^^^
UnicodeEncodeError: 'charmap' codec can't encode character '\u2717' in position 0: character maps to <undefined>

During handling of the above exception, another exception occurred:

Traceback (most recent call last):
  File "c:\Users\ahmad\Documents\Automation_selenium\Local\GoProxy\GoProxy\Purchase_Target_Proxies_Backend_Frondend.py", line 732, in <module>
    print(f"\u2717 Test failed with exception: {str(e)}")
    ~~~~~^^^^^^^^^^^^^^^^^^^^^^^^^^^^^^^^^^^^^^^^^^^
  File "C:\Users\ahmad\AppData\Local\Programs\Python\Python313\Lib\encodings\cp1252.py", line 19, in encode
    return codecs.charmap_encode(input,self.errors,encoding_table)[0]
           ~~~~~~~~~~~~~~~~~~~~~^^^^^^^^^^^^^^^^^^^^^^^^^^^^^^^^^^
UnicodeEncodeError: 'charmap' codec can't encode character '\u2717' in position 0: character maps to <undefined>
</p></div></div>
    <div class="test-case">
        <div class="test-case-header">
            <h3>Purchase_Static_Residential_Backend+Frontend.py</h3>
            <p><strong>Status:</strong> FAILED</p>
            <p><strong>Description:</strong> Execution of Purchase_Static_Residential_Backend+Frontend.py</p>
            <p><strong>Duration:</strong> 50.73 seconds</p>
        </div>

        <div class="test-step failed">
            <p><strong>Execute Test</strong> - Run Purchase_Static_Residential_Backend+Frontend.py</p>
            <p>Status: FAILED</p>
            <p>Duration: 50.73 seconds</p>
</div></div>
    <div class="test-case">
        <div class="test-case-header">
            <h3>Purchase_Unlimited_Residential_Proxies_Backend_Frontend.py</h3>
            <p><strong>Status:</strong> FAILED</p>
            <p><strong>Description:</strong> Execution of Purchase_Unlimited_Residential_Proxies_Backend_Frontend.py</p>
            <p><strong>Duration:</strong> 72.18 seconds</p>
        </div>

        <div class="test-step failed">
            <p><strong>Execute Test</strong> - Run Purchase_Unlimited_Residential_Proxies_Backend_Frontend.py</p>
            <p>Status: FAILED</p>
            <p>Duration: 72.18 seconds</p>
</div></div>
    <div class="test-case">
        <div class="test-case-header">
            <h3>Purchase_Rotating_Datacenter_Backend_Fronded.py</h3>
            <p><strong>Status:</strong> FAILED</p>
            <p><strong>Description:</strong> Execution of Purchase_Rotating_Datacenter_Backend_Fronded.py</p>
            <p><strong>Duration:</strong> 53.81 seconds</p>
        </div>

        <div class="test-step failed">
            <p><strong>Execute Test</strong> - Run Purchase_Rotating_Datacenter_Backend_Fronded.py</p>
            <p>Status: FAILED</p>
            <p>Duration: 53.81 seconds</p>
</div></div>
    <div class="test-case">
        <div class="test-case-header">
            <h3>Purchase_Residential_Proxy_Backend+Frontend.py</h3>
            <p><strong>Status:</strong> FAILED</p>
            <p><strong>Description:</strong> Execution of Purchase_Residential_Proxy_Backend+Frontend.py</p>
            <p><strong>Duration:</strong> 24.69 seconds</p>
        </div>

        <div class="test-step failed">
            <p><strong>Execute Test</strong> - Run Purchase_Residential_Proxy_Backend+Frontend.py</p>
            <p>Status: FAILED</p>
            <p>Duration: 24.69 seconds</p>
</div></div>
    <div class="test-case">
        <div class="test-case-header">
            <h3>Purchase_Mobile_Proxies_Backend_Frontend.py</h3>
            <p><strong>Status:</strong> PASSED</p>
            <p><strong>Description:</strong> Execution of Purchase_Mobile_Proxies_Backend_Frontend.py</p>
            <p><strong>Duration:</strong> 90.38 seconds</p>
        </div>

        <div class="test-step passed">
            <p><strong>Execute Test</strong> - Run Purchase_Mobile_Proxies_Backend_Frontend.py</p>
            <p>Status: PASSED</p>
            <p>Duration: 90.38 seconds</p>
</div></div>
    <div class="test-case">
        <div class="test-case-header">
            <h3>Purchase_Datacenter_Package_Backend_Frontend.py</h3>
            <p><strong>Status:</strong> PASSED</p>
            <p><strong>Description:</strong> Execution of Purchase_Datacenter_Package_Backend_Frontend.py</p>
            <p><strong>Duration:</strong> 132.51 seconds</p>
        </div>

        <div class="test-step passed">
            <p><strong>Execute Test</strong> - Run Purchase_Datacenter_Package_Backend_Frontend.py</p>
            <p>Status: PASSED</p>
            <p>Duration: 132.51 seconds</p>
</div></div>
    <div class="test-case">
        <div class="test-case-header">
            <h3>Target_proxies_payment_Frontend_Backend.py</h3>
            <p><strong>Status:</strong> FAILED</p>
            <p><strong>Description:</strong> Execution of Target_proxies_payment_Frontend_Backend.py</p>
            <p><strong>Duration:</strong> 157.13 seconds</p>
        </div>

        <div class="test-step failed">
            <p><strong>Execute Test</strong> - Run Target_proxies_payment_Frontend_Backend.py</p>
            <p>Status: FAILED</p>
            <p>Duration: 157.13 seconds</p>
<p>Error: Traceback (most recent call last):
  File "c:\Users\ahmad\Documents\Automation_selenium\Local\GoProxy\GoProxy\Target_proxies_payment_Frontend_Backend.py", line 1173, in <module>
    print(f"\n\U0001f4ca HTML report generated: {report_file}")
    ~~~~~^^^^^^^^^^^^^^^^^^^^^^^^^^^^^^^^^^^^^^^^^^^^^^
  File "C:\Users\ahmad\AppData\Local\Programs\Python\Python313\Lib\encodings\cp1252.py", line 19, in encode
    return codecs.charmap_encode(input,self.errors,encoding_table)[0]
           ~~~~~~~~~~~~~~~~~~~~~^^^^^^^^^^^^^^^^^^^^^^^^^^^^^^^^^^
UnicodeEncodeError: 'charmap' codec can't encode character '\U0001f4ca' in position 2: character maps to <undefined>
</p></div></div>
    <div class="test-case">
        <div class="test-case-header">
            <h3>Static_Residential_Proxies_payment_Frontend_Backend.py</h3>
            <p><strong>Status:</strong> FAILED</p>
            <p><strong>Description:</strong> Execution of Static_Residential_Proxies_payment_Frontend_Backend.py</p>
            <p><strong>Duration:</strong> 200.05 seconds</p>
        </div>

        <div class="test-step failed">
            <p><strong>Execute Test</strong> - Run Static_Residential_Proxies_payment_Frontend_Backend.py</p>
            <p>Status: FAILED</p>
            <p>Duration: 200.05 seconds</p>
<p>Error: Traceback (most recent call last):
  File "c:\Users\ahmad\Documents\Automation_selenium\Local\GoProxy\GoProxy\Static_Residential_Proxies_payment_Frontend_Backend.py", line 1109, in <module>
    print(f"\n\U0001f4ca HTML report generated: {report_file}")
    ~~~~~^^^^^^^^^^^^^^^^^^^^^^^^^^^^^^^^^^^^^^^^^^^^^^
  File "C:\Users\ahmad\AppData\Local\Programs\Python\Python313\Lib\encodings\cp1252.py", line 19, in encode
    return codecs.charmap_encode(input,self.errors,encoding_table)[0]
           ~~~~~~~~~~~~~~~~~~~~~^^^^^^^^^^^^^^^^^^^^^^^^^^^^^^^^^^
UnicodeEncodeError: 'charmap' codec can't encode character '\U0001f4ca' in position 2: character maps to <undefined>
</p></div></div>
    <div class="test-case">
        <div class="test-case-header">
            <h3>Datacenter_Proxies_static_payment_Frontend_Backend.py</h3>
            <p><strong>Status:</strong> FAILED</p>
            <p><strong>Description:</strong> Execution of Datacenter_Proxies_static_payment_Frontend_Backend.py</p>
            <p><strong>Duration:</strong> 187.92 seconds</p>
        </div>

        <div class="test-step failed">
            <p><strong>Execute Test</strong> - Run Datacenter_Proxies_static_payment_Frontend_Backend.py</p>
            <p>Status: FAILED</p>
            <p>Duration: 187.92 seconds</p>
<p>Error: Traceback (most recent call last):
  File "c:\Users\ahmad\Documents\Automation_selenium\Local\GoProxy\GoProxy\Datacenter_Proxies_static_payment_Frontend_Backend.py", line 1130, in <module>
    print(f"\n\U0001f4ca HTML report generated: {report_file}")
    ~~~~~^^^^^^^^^^^^^^^^^^^^^^^^^^^^^^^^^^^^^^^^^^^^^^
  File "C:\Users\ahmad\AppData\Local\Programs\Python\Python313\Lib\encodings\cp1252.py", line 19, in encode
    return codecs.charmap_encode(input,self.errors,encoding_table)[0]
           ~~~~~~~~~~~~~~~~~~~~~^^^^^^^^^^^^^^^^^^^^^^^^^^^^^^^^^^
UnicodeEncodeError: 'charmap' codec can't encode character '\U0001f4ca' in position 2: character maps to <undefined>
</p></div></div>
    <div class="test-case">
        <div class="test-case-header">
            <h3>Unlimited_Residential_Proxies_payment_Frontend.py</h3>
            <p><strong>Status:</strong> FAILED</p>
            <p><strong>Description:</strong> Execution of Unlimited_Residential_Proxies_payment_Frontend.py</p>
            <p><strong>Duration:</strong> 60.11 seconds</p>
        </div>

        <div class="test-step failed">
            <p><strong>Execute Test</strong> - Run Unlimited_Residential_Proxies_payment_Frontend.py</p>
            <p>Status: FAILED</p>
            <p>Duration: 60.11 seconds</p>
<p>Error: Traceback (most recent call last):
  File "c:\Users\ahmad\Documents\Automation_selenium\Local\GoProxy\GoProxy\Unlimited_Residential_Proxies_payment_Frontend.py", line 826, in <module>
    success = main()
  File "c:\Users\ahmad\Documents\Automation_selenium\Local\GoProxy\GoProxy\Unlimited_Residential_Proxies_payment_Frontend.py", line 811, in main
    print("\U0001f389 All tests passed!")
    ~~~~~^^^^^^^^^^^^^^^^^^^^^^^^
  File "C:\Users\ahmad\AppData\Local\Programs\Python\Python313\Lib\encodings\cp1252.py", line 19, in encode
    return codecs.charmap_encode(input,self.errors,encoding_table)[0]
           ~~~~~~~~~~~~~~~~~~~~~^^^^^^^^^^^^^^^^^^^^^^^^^^^^^^^^^^
UnicodeEncodeError: 'charmap' codec can't encode character '\U0001f389' in position 0: character maps to <undefined>
</p></div></div>
    <div class="test-case">
        <div class="test-case-header">
            <h3>Mobile_Proxies_payment_Frontend.py</h3>
            <p><strong>Status:</strong> FAILED</p>
            <p><strong>Description:</strong> Execution of Mobile_Proxies_payment_Frontend.py</p>
            <p><strong>Duration:</strong> 61.44 seconds</p>
        </div>

        <div class="test-step failed">
            <p><strong>Execute Test</strong> - Run Mobile_Proxies_payment_Frontend.py</p>
            <p>Status: FAILED</p>
            <p>Duration: 61.44 seconds</p>
<p>Error: Traceback (most recent call last):
  File "c:\Users\ahmad\Documents\Automation_selenium\Local\GoProxy\GoProxy\Mobile_Proxies_payment_Frontend.py", line 826, in <module>
    success = main()
  File "c:\Users\ahmad\Documents\Automation_selenium\Local\GoProxy\GoProxy\Mobile_Proxies_payment_Frontend.py", line 811, in main
    print("\U0001f389 All tests passed!")
    ~~~~~^^^^^^^^^^^^^^^^^^^^^^^^
  File "C:\Users\ahmad\AppData\Local\Programs\Python\Python313\Lib\encodings\cp1252.py", line 19, in encode
    return codecs.charmap_encode(input,self.errors,encoding_table)[0]
           ~~~~~~~~~~~~~~~~~~~~~^^^^^^^^^^^^^^^^^^^^^^^^^^^^^^^^^^
UnicodeEncodeError: 'charmap' codec can't encode character '\U0001f389' in position 0: character maps to <undefined>
</p></div></div>
    <div class="test-case">
        <div class="test-case-header">
            <h3>Datacenter_Proxies_Rotating_payment_Frontend.py</h3>
            <p><strong>Status:</strong> FAILED</p>
            <p><strong>Description:</strong> Execution of Datacenter_Proxies_Rotating_payment_Frontend.py</p>
            <p><strong>Duration:</strong> 62.54 seconds</p>
        </div>

        <div class="test-step failed">
            <p><strong>Execute Test</strong> - Run Datacenter_Proxies_Rotating_payment_Frontend.py</p>
            <p>Status: FAILED</p>
            <p>Duration: 62.54 seconds</p>
<p>Error: Traceback (most recent call last):
  File "c:\Users\ahmad\Documents\Automation_selenium\Local\GoProxy\GoProxy\Datacenter_Proxies_Rotating_payment_Frontend.py", line 829, in <module>
    success = main()
  File "c:\Users\ahmad\Documents\Automation_selenium\Local\GoProxy\GoProxy\Datacenter_Proxies_Rotating_payment_Frontend.py", line 811, in main
    print("\U0001f389 All tests passed!")
    ~~~~~^^^^^^^^^^^^^^^^^^^^^^^^
  File "C:\Users\ahmad\AppData\Local\Programs\Python\Python313\Lib\encodings\cp1252.py", line 19, in encode
    return codecs.charmap_encode(input,self.errors,encoding_table)[0]
           ~~~~~~~~~~~~~~~~~~~~~^^^^^^^^^^^^^^^^^^^^^^^^^^^^^^^^^^
UnicodeEncodeError: 'charmap' codec can't encode character '\U0001f389' in position 0: character maps to <undefined>
</p></div></div>
    <div class="test-case">
        <div class="test-case-header">
            <h3>Residential_Proxies_payment_Frontend.py</h3>
            <p><strong>Status:</strong> FAILED</p>
            <p><strong>Description:</strong> Execution of Residential_Proxies_payment_Frontend.py</p>
            <p><strong>Duration:</strong> 74.56 seconds</p>
        </div>

        <div class="test-step failed">
            <p><strong>Execute Test</strong> - Run Residential_Proxies_payment_Frontend.py</p>
            <p>Status: FAILED</p>
            <p>Duration: 74.56 seconds</p>
</div></div>
    <div class="test-case">
        <div class="test-case-header">
            <h3>000test.py</h3>
            <p><strong>Status:</strong> FAILED</p>
            <p><strong>Description:</strong> Execution of 000test.py</p>
            <p><strong>Duration:</strong> 219.11 seconds</p>
        </div>

        <div class="test-step failed">
            <p><strong>Execute Test</strong> - Run 000test.py</p>
            <p>Status: FAILED</p>
            <p>Duration: 219.11 seconds</p>
<p>Error: Traceback (most recent call last):
  File "c:\Users\ahmad\Documents\Automation_selenium\Local\GoProxy\GoProxy\000test.py", line 1109, in <module>
    print(f"\n\U0001f4ca HTML report generated: {report_file}")
    ~~~~~^^^^^^^^^^^^^^^^^^^^^^^^^^^^^^^^^^^^^^^^^^^^^^
  File "C:\Users\ahmad\AppData\Local\Programs\Python\Python313\Lib\encodings\cp1252.py", line 19, in encode
    return codecs.charmap_encode(input,self.errors,encoding_table)[0]
           ~~~~~~~~~~~~~~~~~~~~~^^^^^^^^^^^^^^^^^^^^^^^^^^^^^^^^^^
UnicodeEncodeError: 'charmap' codec can't encode character '\U0001f4ca' in position 2: character maps to <undefined>
</p></div></div>
</body>
</html>
